<?xml version="1.0" encoding="UTF-8"?>
<!-- Generated by org.testng.reporters.JUnitXMLReporter -->
<testsuite ignored="0" hostname="DESKTOP-L9JMAV8" failures="0" tests="6" name="Default test" time="9.399" errors="0" timestamp="٢٠٢٥-٠٧-٠١T١٣:٤٩:١٤ EET">
  <testcase classname="Login.Mytestcase" name="login" time="0.229"/>
  <testcase classname="Login.Mytestcase" name="addToCart" time="2.09"/>
  <testcase classname="Login.Mytestcase" name="removeFromCart" time="2.086"/>
  <testcase classname="Login.Mytestcase" name="addToCartAfterTheRemove" time="2.08"/>
  <testcase classname="Login.Mytestcase" name="CheckoutProcess" time="0.32"/>
  <testcase classname="Login.Mytestcase" name="logout" time="1.12"/>
</testsuite> <!-- Default test -->
