<?xml version="1.0" encoding="UTF-8"?>
<!-- Generated by org.testng.reporters.JUnitXMLReporter -->
<testsuite ignored="0" hostname="DESKTOP-L9JMAV8" failures="0" tests="6" name="Default test" time="9.44" errors="0" timestamp="٢٠٢٥-٠٧-٠١T١٤:٣٩:٥٠ EET">
  <testcase classname="Login.Mytestcase" name="login" time="0.215"/>
  <testcase classname="Login.Mytestcase" name="addToCart" time="2.113"/>
  <testcase classname="Login.Mytestcase" name="removeFromCart" time="2.088"/>
  <testcase classname="Login.Mytestcase" name="addToCartAfterTheRemove" time="2.103"/>
  <testcase classname="Login.Mytestcase" name="CheckoutProcess" time="0.298"/>
  <testcase classname="Login.Mytestcase" name="logout" time="1.1"/>
</testsuite> <!-- Default test -->
