<?xml version="1.0" encoding="UTF-8"?>
<testng-results ignored="0" total="6" passed="6" failed="0" skipped="0">
  <reporter-output>
  </reporter-output>
  <suite started-at="٢٠٢٥-٠٧-٠١T١٣:٤٩:٠٥ EET" name="Default suite" finished-at="٢٠٢٥-٠٧-٠١T١٣:٤٩:١٤ EET" duration-ms="9399">
    <groups>
    </groups>
    <test started-at="٢٠٢٥-٠٧-٠١T١٣:٤٩:٠٥ EET" name="Default test" finished-at="٢٠٢٥-٠٧-٠١T١٣:٤٩:١٤ EET" duration-ms="9399">
      <class name="Login.Mytestcase">
        <test-method is-config="true" signature="mySetup()[pri:0, instance:Login.Mytestcase@5cc126dc]" started-at="٢٠٢٥-٠٧-٠١T١٣:٤٩:٠٥ EET" name="mySetup" finished-at="٢٠٢٥-٠٧-٠١T١٣:٤٩:٠٦ EET" duration-ms="1427" status="PASS">
          <reporter-output>
          </reporter-output>
        </test-method> <!-- mySetup -->
        <test-method signature="login()[pri:1, instance:Login.Mytestcase@5cc126dc]" started-at="٢٠٢٥-٠٧-٠١T١٣:٤٩:٠٦ EET" name="login" finished-at="٢٠٢٥-٠٧-٠١T١٣:٤٩:٠٦ EET" duration-ms="229" status="PASS">
          <reporter-output>
          </reporter-output>
        </test-method> <!-- login -->
        <test-method signature="addToCart()[pri:2, instance:Login.Mytestcase@5cc126dc]" started-at="٢٠٢٥-٠٧-٠١T١٣:٤٩:٠٦ EET" name="addToCart" finished-at="٢٠٢٥-٠٧-٠١T١٣:٤٩:٠٨ EET" duration-ms="2090" status="PASS">
          <reporter-output>
          </reporter-output>
        </test-method> <!-- addToCart -->
        <test-method signature="removeFromCart()[pri:3, instance:Login.Mytestcase@5cc126dc]" started-at="٢٠٢٥-٠٧-٠١T١٣:٤٩:٠٨ EET" name="removeFromCart" finished-at="٢٠٢٥-٠٧-٠١T١٣:٤٩:١٠ EET" duration-ms="2086" status="PASS">
          <reporter-output>
          </reporter-output>
        </test-method> <!-- removeFromCart -->
        <test-method signature="addToCartAfterTheRemove()[pri:4, instance:Login.Mytestcase@5cc126dc]" started-at="٢٠٢٥-٠٧-٠١T١٣:٤٩:١٠ EET" name="addToCartAfterTheRemove" finished-at="٢٠٢٥-٠٧-٠١T١٣:٤٩:١٣ EET" duration-ms="2080" status="PASS">
          <reporter-output>
          </reporter-output>
        </test-method> <!-- addToCartAfterTheRemove -->
        <test-method signature="CheckoutProcess()[pri:5, instance:Login.Mytestcase@5cc126dc]" started-at="٢٠٢٥-٠٧-٠١T١٣:٤٩:١٣ EET" name="CheckoutProcess" finished-at="٢٠٢٥-٠٧-٠١T١٣:٤٩:١٣ EET" duration-ms="320" status="PASS">
          <reporter-output>
          </reporter-output>
        </test-method> <!-- CheckoutProcess -->
        <test-method signature="logout()[pri:6, instance:Login.Mytestcase@5cc126dc]" started-at="٢٠٢٥-٠٧-٠١T١٣:٤٩:١٣ EET" name="logout" finished-at="٢٠٢٥-٠٧-٠١T١٣:٤٩:١٤ EET" duration-ms="1120" status="PASS">
          <reporter-output>
          </reporter-output>
        </test-method> <!-- logout -->
        <test-method is-config="true" signature="AfterThetestIsDone()[pri:0, instance:Login.Mytestcase@5cc126dc]" started-at="٢٠٢٥-٠٧-٠١T١٣:٤٩:١٤ EET" name="AfterThetestIsDone" finished-at="٢٠٢٥-٠٧-٠١T١٣:٤٩:١٤ EET" duration-ms="1" status="PASS">
          <reporter-output>
          </reporter-output>
        </test-method> <!-- AfterThetestIsDone -->
      </class> <!-- Login.Mytestcase -->
    </test> <!-- Default test -->
  </suite> <!-- Default suite -->
</testng-results>
