<?xml version="1.0" encoding="UTF-8"?>
<testng-results ignored="0" total="6" passed="6" failed="0" skipped="0">
  <reporter-output>
  </reporter-output>
  <suite started-at="٢٠٢٥-٠٧-٠١T١٤:٣٩:٤٠ EET" name="Default suite" finished-at="٢٠٢٥-٠٧-٠١T١٤:٣٩:٥٠ EET" duration-ms="9440">
    <groups>
    </groups>
    <test started-at="٢٠٢٥-٠٧-٠١T١٤:٣٩:٤٠ EET" name="Default test" finished-at="٢٠٢٥-٠٧-٠١T١٤:٣٩:٥٠ EET" duration-ms="9440">
      <class name="Login.Mytestcase">
        <test-method is-config="true" signature="mySetup()[pri:0, instance:Login.Mytestcase@5cc126dc]" started-at="٢٠٢٥-٠٧-٠١T١٤:٣٩:٤٠ EET" name="mySetup" finished-at="٢٠٢٥-٠٧-٠١T١٤:٣٩:٤٢ EET" duration-ms="1328" status="PASS">
          <reporter-output>
          </reporter-output>
        </test-method> <!-- mySetup -->
        <test-method signature="login()[pri:1, instance:Login.Mytestcase@5cc126dc]" started-at="٢٠٢٥-٠٧-٠١T١٤:٣٩:٤٢ EET" name="login" finished-at="٢٠٢٥-٠٧-٠١T١٤:٣٩:٤٢ EET" duration-ms="215" status="PASS">
          <reporter-output>
          </reporter-output>
        </test-method> <!-- login -->
        <test-method signature="addToCart()[pri:2, instance:Login.Mytestcase@5cc126dc]" started-at="٢٠٢٥-٠٧-٠١T١٤:٣٩:٤٢ EET" name="addToCart" finished-at="٢٠٢٥-٠٧-٠١T١٤:٣٩:٤٤ EET" duration-ms="2113" status="PASS">
          <reporter-output>
          </reporter-output>
        </test-method> <!-- addToCart -->
        <test-method signature="removeFromCart()[pri:3, instance:Login.Mytestcase@5cc126dc]" started-at="٢٠٢٥-٠٧-٠١T١٤:٣٩:٤٤ EET" name="removeFromCart" finished-at="٢٠٢٥-٠٧-٠١T١٤:٣٩:٤٦ EET" duration-ms="2088" status="PASS">
          <reporter-output>
          </reporter-output>
        </test-method> <!-- removeFromCart -->
        <test-method signature="addToCartAfterTheRemove()[pri:4, instance:Login.Mytestcase@5cc126dc]" started-at="٢٠٢٥-٠٧-٠١T١٤:٣٩:٤٦ EET" name="addToCartAfterTheRemove" finished-at="٢٠٢٥-٠٧-٠١T١٤:٣٩:٤٨ EET" duration-ms="2103" status="PASS">
          <reporter-output>
          </reporter-output>
        </test-method> <!-- addToCartAfterTheRemove -->
        <test-method signature="CheckoutProcess()[pri:5, instance:Login.Mytestcase@5cc126dc]" started-at="٢٠٢٥-٠٧-٠١T١٤:٣٩:٤٨ EET" name="CheckoutProcess" finished-at="٢٠٢٥-٠٧-٠١T١٤:٣٩:٤٨ EET" duration-ms="298" status="PASS">
          <reporter-output>
          </reporter-output>
        </test-method> <!-- CheckoutProcess -->
        <test-method signature="logout()[pri:6, instance:Login.Mytestcase@5cc126dc]" started-at="٢٠٢٥-٠٧-٠١T١٤:٣٩:٤٨ EET" name="logout" finished-at="٢٠٢٥-٠٧-٠١T١٤:٣٩:٥٠ EET" duration-ms="1100" status="PASS">
          <reporter-output>
          </reporter-output>
        </test-method> <!-- logout -->
        <test-method is-config="true" signature="AfterThetestIsDone()[pri:0, instance:Login.Mytestcase@5cc126dc]" started-at="٢٠٢٥-٠٧-٠١T١٤:٣٩:٥٠ EET" name="AfterThetestIsDone" finished-at="٢٠٢٥-٠٧-٠١T١٤:٣٩:٥٠ EET" duration-ms="149" status="PASS">
          <reporter-output>
          </reporter-output>
        </test-method> <!-- AfterThetestIsDone -->
      </class> <!-- Login.Mytestcase -->
    </test> <!-- Default test -->
  </suite> <!-- Default suite -->
</testng-results>
